TN:
SF:index.js
FN:15,(anonymous_0)
FN:21,(anonymous_1)
FN:50,setInitialBalance
FNF:3
FNH:3
FNDA:1,(anonymous_0)
FNDA:5,(anonymous_1)
FNDA:4,setInitialBalance
DA:1,1
DA:2,1
DA:3,1
DA:4,1
DA:6,1
DA:7,1
DA:9,1
DA:15,1
DA:16,1
DA:17,1
DA:18,1
DA:21,1
DA:22,5
DA:23,5
DA:24,2
DA:27,3
DA:28,3
DA:29,3
DA:30,3
DA:31,1
DA:34,2
DA:35,2
DA:37,2
DA:38,1
DA:40,1
DA:41,1
DA:42,1
DA:45,0
DA:46,0
DA:51,4
DA:52,0
DA:56,1
LF:32
LH:29
BRDA:17,0,0,1
BRDA:17,0,1,0
BRDA:23,1,0,2
BRDA:23,1,1,3
BRDA:23,2,0,5
BRDA:23,2,1,4
BRDA:30,3,0,1
BRDA:30,3,1,2
BRDA:37,4,0,1
BRDA:37,4,1,1
BRDA:51,5,0,0
BRDA:51,5,1,4
BRF:12
BRH:10
end_of_record
