TN:
SF:index.js
FN:17,(anonymous_0)
FN:23,(anonymous_1)
FN:56,setInitialBalance
FNF:3
FNH:3
FNDA:1,(anonymous_0)
FNDA:1,(anonymous_1)
FNDA:2,setInitialBalance
DA:1,1
DA:2,1
DA:3,1
DA:4,1
DA:8,1
DA:9,1
DA:11,1
DA:17,1
DA:18,1
DA:19,1
DA:20,1
DA:23,1
DA:24,1
DA:25,1
DA:26,0
DA:29,1
DA:30,1
DA:31,1
DA:32,1
DA:33,0
DA:36,1
DA:37,1
DA:39,1
DA:40,0
DA:42,1
DA:43,1
DA:44,1
DA:47,0
DA:48,0
DA:57,2
DA:58,0
DA:62,1
LF:32
LH:26
BRDA:19,0,0,1
BRDA:19,0,1,0
BRDA:25,1,0,0
BRDA:25,1,1,1
BRDA:25,2,0,1
BRDA:25,2,1,1
BRDA:32,3,0,0
BRDA:32,3,1,1
BRDA:39,4,0,0
BRDA:39,4,1,1
BRDA:57,5,0,0
BRDA:57,5,1,2
BRF:12
BRH:7
end_of_record
